#
# There is insufficient memory for the Java Runtime Environment to continue.
# Native memory allocation (malloc) failed to allocate 824576 bytes for Chunk::new
# Possible reasons:
#   The system is out of physical RAM or swap space
#   In 32 bit mode, the process size limit was hit
# Possible solutions:
#   Reduce memory load on the system
#   Increase physical memory or swap space
#   Check if swap backing store is full
#   Use 64 bit Java on a 64 bit OS
#   Decrease Java heap size (-Xmx/-Xms)
#   Decrease number of Java threads
#   Decrease Java thread stack sizes (-Xss)
#   Set larger code cache with -XX:ReservedCodeCacheSize=
# This output file may be truncated or incomplete.
#
#  Out of Memory Error (allocation.cpp:390), pid=8248, tid=0x0000000000002438
#
# JRE version: OpenJDK Runtime Environment (8.0_76-b03) (build 1.8.0_76-release-b03)
# Java VM: OpenJDK 64-Bit Server VM (25.76-b03 mixed mode windows-amd64 compressed oops)
# Failed to write core dump. Minidumps are not enabled by default on client versions of Windows
#

---------------  T H R E A D  ---------------

Current thread (0x0000000015be9000):  JavaThread "C2 CompilerThread0" daemon [_thread_in_native, id=9272, stack(0x0000000016c20000,0x0000000016d20000)]

Stack: [0x0000000016c20000,0x0000000016d20000]
[error occurred during error reporting (printing stack bounds), id 0xc0000005]

Native frames: (J=compiled Java code, j=interpreted, Vv=VM code, C=native code)


Current CompileTask:
C2:  10566 1616       4       java.net.URLClassLoader$1::run (5 bytes)


---------------  P R O C E S S  ---------------

Java Threads: ( => current thread )
  0x0000000018165000 JavaThread "Stdin handler" [_thread_blocked, id=6824, stack(0x0000000019c40000,0x0000000019d40000)]
  0x0000000018160800 JavaThread "Asynchronous log dispatcher for org.gradle.launcher.daemon.server.DefaultDaemonConnection@2c5abb2d" [_thread_blocked, id=6556, stack(0x0000000019b40000,0x0000000019c40000)]
  0x0000000017deb000 JavaThread "Daemon worker" [_thread_in_native, id=4168, stack(0x0000000019840000,0x0000000019940000)]
  0x0000000017dcb800 JavaThread "Cancel handler" [_thread_blocked, id=8460, stack(0x0000000019740000,0x0000000019840000)]
  0x0000000017e71800 JavaThread "Handler for socket connection from /127.0.0.1:32791 to /127.0.0.1:32792" [_thread_in_native, id=2620, stack(0x0000000019640000,0x0000000019740000)]
  0x0000000017e71000 JavaThread "Daemon" [_thread_blocked, id=9892, stack(0x0000000019540000,0x0000000019640000)]
  0x0000000017f1a800 JavaThread "pool-1-thread-1" [_thread_blocked, id=6072, stack(0x0000000019440000,0x0000000019540000)]
  0x0000000017f38000 JavaThread "Incoming local TCP Connector on port 32791" [_thread_in_native, id=5952, stack(0x0000000019010000,0x0000000019110000)]
  0x0000000015c4c000 JavaThread "Service Thread" daemon [_thread_blocked, id=9464, stack(0x0000000016e20000,0x0000000016f20000)]
  0x0000000015bea800 JavaThread "C1 CompilerThread1" daemon [_thread_blocked, id=9352, stack(0x0000000016d20000,0x0000000016e20000)]
=>0x0000000015be9000 JavaThread "C2 CompilerThread0" daemon [_thread_in_native, id=9272, stack(0x0000000016c20000,0x0000000016d20000)]
  0x0000000015be5800 JavaThread "Attach Listener" daemon [_thread_blocked, id=5416, stack(0x0000000016b20000,0x0000000016c20000)]
  0x0000000015be2800 JavaThread "Signal Dispatcher" daemon [_thread_blocked, id=6388, stack(0x0000000016a20000,0x0000000016b20000)]
  0x0000000015bc8000 JavaThread "Finalizer" daemon [_thread_blocked, id=2100, stack(0x0000000016830000,0x0000000016930000)]
  0x0000000015ba3800 JavaThread "Reference Handler" daemon [_thread_blocked, id=1824, stack(0x0000000016730000,0x0000000016830000)]
  0x00000000022c0800 JavaThread "main" [_thread_blocked, id=3424, stack(0x0000000002180000,0x0000000002280000)]

Other Threads:
  0x0000000015b9d000 VMThread [stack: 0x0000000016630000,0x0000000016730000] [id=8572]
  0x0000000015c4e800 WatcherThread [stack: 0x0000000016f20000,0x0000000017020000] [id=9404]

VM state:not at safepoint (normal execution)

VM Mutex/Monitor currently owned by a thread: None

Heap:
 PSYoungGen      total 35328K, used 21977K [0x00000000e0000000, 0x00000000e4500000, 0x0000000100000000)
  eden space 32768K, 59% used [0x00000000e0000000,0x00000000e12fe420,0x00000000e2000000)
  from space 2560K, 98% used [0x00000000e2000000,0x00000000e2278020,0x00000000e2280000)
  to   space 2560K, 0% used [0x00000000e4280000,0x00000000e4280000,0x00000000e4500000)
 ParOldGen       total 44032K, used 3889K [0x00000000a0000000, 0x00000000a2b00000, 0x00000000e0000000)
  object space 44032K, 8% used [0x00000000a0000000,0x00000000a03cc610,0x00000000a2b00000)
 Metaspace       used 17137K, capacity 17438K, committed 17536K, reserved 1064960K
  class space    used 2240K, capacity 2357K, committed 2432K, reserved 1048576K

Card table byte_map: [0x0000000011880000,0x0000000011b90000] byte_map_base: 0x0000000011380000

Marking Bits: (ParMarkBitMap*) 0x000000006cb69d00
 Begin Bits: [0x0000000011f90000, 0x0000000013790000)
 End Bits:   [0x0000000013790000, 0x0000000014f90000)

Polling page: 0x0000000002280000

CodeCache: size=245760Kb used=5367Kb max_used=5367Kb free=240392Kb
 bounds [0x00000000024c0000, 0x0000000002a10000, 0x00000000114c0000]
 total_blobs=1994 nmethods=1621 adapters=287
 compilation: enabled

Compilation events (10 events):
Event: 10.402 Thread 0x0000000015be9000 1616       4       java.net.URLClassLoader$1::run (5 bytes)
Event: 10.448 Thread 0x0000000015bea800 1617       3       sun.misc.ProxyGenerator::code_aload (11 bytes)
Event: 10.448 Thread 0x0000000015bea800 nmethod 1617 0x00000000029fc510 code [0x00000000029fc680, 0x00000000029fc828]
Event: 10.455 Thread 0x0000000015bea800 1618       3       org.gradle.internal.service.DefaultServiceRegistry$SingletonService::isFactory (128 bytes)
Event: 10.456 Thread 0x0000000015bea800 nmethod 1618 0x00000000029fa8d0 code [0x00000000029fab60, 0x00000000029fbed8]
Event: 10.456 Thread 0x0000000015bea800 1619       3       org.gradle.internal.service.DefaultServiceRegistry$SingletonService::getFactory (20 bytes)
Event: 10.457 Thread 0x0000000015bea800 nmethod 1619 0x00000000029f8250 code [0x00000000029f83e0, 0x00000000029f8738]
Event: 10.476 Thread 0x0000000015bea800 1620       3       sun.reflect.ReflectionFactory::checkInitted (19 bytes)
Event: 10.477 Thread 0x0000000015bea800 nmethod 1620 0x00000000029fa350 code [0x00000000029fa4c0, 0x00000000029fa788]
Event: 10.514 Thread 0x0000000015bea800 1621       3       org.gradle.internal.service.DefaultServiceRegistry$OwnServices::getService (274 bytes)

GC Heap History (6 events):
Event: 1.239 GC heap before
{Heap before GC invocations=1 (full 0):
 PSYoungGen      total 18944K, used 16384K [0x00000000e0000000, 0x00000000e1500000, 0x0000000100000000)
  eden space 16384K, 100% used [0x00000000e0000000,0x00000000e1000000,0x00000000e1000000)
  from space 2560K, 0% used [0x00000000e1280000,0x00000000e1280000,0x00000000e1500000)
  to   space 2560K, 0% used [0x00000000e1000000,0x00000000e1000000,0x00000000e1280000)
 ParOldGen       total 44032K, used 0K [0x00000000a0000000, 0x00000000a2b00000, 0x00000000e0000000)
  object space 44032K, 0% used [0x00000000a0000000,0x00000000a0000000,0x00000000a2b00000)
 Metaspace       used 5579K, capacity 6168K, committed 6400K, reserved 1056768K
  class space    used 699K, capacity 760K, committed 768K, reserved 1048576K
Event: 1.258 GC heap after
Heap after GC invocations=1 (full 0):
 PSYoungGen      total 18944K, used 2556K [0x00000000e0000000, 0x00000000e2500000, 0x0000000100000000)
  eden space 16384K, 0% used [0x00000000e0000000,0x00000000e0000000,0x00000000e1000000)
  from space 2560K, 99% used [0x00000000e1000000,0x00000000e127f070,0x00000000e1280000)
  to   space 2560K, 0% used [0x00000000e2280000,0x00000000e2280000,0x00000000e2500000)
 ParOldGen       total 44032K, used 447K [0x00000000a0000000, 0x00000000a2b00000, 0x00000000e0000000)
  object space 44032K, 1% used [0x00000000a0000000,0x00000000a006fd58,0x00000000a2b00000)
 Metaspace       used 5579K, capacity 6168K, committed 6400K, reserved 1056768K
  class space    used 699K, capacity 760K, committed 768K, reserved 1048576K
}
Event: 2.656 GC heap before
{Heap before GC invocations=2 (full 0):
 PSYoungGen      total 18944K, used 18940K [0x00000000e0000000, 0x00000000e2500000, 0x0000000100000000)
  eden space 16384K, 100% used [0x00000000e0000000,0x00000000e1000000,0x00000000e1000000)
  from space 2560K, 99% used [0x00000000e1000000,0x00000000e127f070,0x00000000e1280000)
  to   space 2560K, 0% used [0x00000000e2280000,0x00000000e2280000,0x00000000e2500000)
 ParOldGen       total 44032K, used 447K [0x00000000a0000000, 0x00000000a2b00000, 0x00000000e0000000)
  object space 44032K, 1% used [0x00000000a0000000,0x00000000a006fd58,0x00000000a2b00000)
 Metaspace       used 5883K, capacity 6416K, committed 6528K, reserved 1056768K
  class space    used 748K, capacity 800K, committed 896K, reserved 1048576K
Event: 2.667 GC heap after
Heap after GC invocations=2 (full 0):
 PSYoungGen      total 35328K, used 2031K [0x00000000e0000000, 0x00000000e2500000, 0x0000000100000000)
  eden space 32768K, 0% used [0x00000000e0000000,0x00000000e0000000,0x00000000e2000000)
  from space 2560K, 79% used [0x00000000e2280000,0x00000000e247be00,0x00000000e2500000)
  to   space 2560K, 0% used [0x00000000e2000000,0x00000000e2000000,0x00000000e2280000)
 ParOldGen       total 44032K, used 447K [0x00000000a0000000, 0x00000000a2b00000, 0x00000000e0000000)
  object space 44032K, 1% used [0x00000000a0000000,0x00000000a006fd58,0x00000000a2b00000)
 Metaspace       used 5883K, capacity 6416K, committed 6528K, reserved 1056768K
  class space    used 748K, capacity 800K, committed 896K, reserved 1048576K
}
Event: 5.491 GC heap before
{Heap before GC invocations=3 (full 0):
 PSYoungGen      total 35328K, used 34799K [0x00000000e0000000, 0x00000000e2500000, 0x0000000100000000)
  eden space 32768K, 100% used [0x00000000e0000000,0x00000000e2000000,0x00000000e2000000)
  from space 2560K, 79% used [0x00000000e2280000,0x00000000e247be00,0x00000000e2500000)
  to   space 2560K, 0% used [0x00000000e2000000,0x00000000e2000000,0x00000000e2280000)
 ParOldGen       total 44032K, used 447K [0x00000000a0000000, 0x00000000a2b00000, 0x00000000e0000000)
  object space 44032K, 1% used [0x00000000a0000000,0x00000000a006fd58,0x00000000a2b00000)
 Metaspace       used 12726K, capacity 13054K, committed 13184K, reserved 1060864K
  class space    used 1691K, capacity 1813K, committed 1920K, reserved 1048576K
Event: 5.509 GC heap after
Heap after GC invocations=3 (full 0):
 PSYoungGen      total 35328K, used 2528K [0x00000000e0000000, 0x00000000e4500000, 0x0000000100000000)
  eden space 32768K, 0% used [0x00000000e0000000,0x00000000e0000000,0x00000000e2000000)
  from space 2560K, 98% used [0x00000000e2000000,0x00000000e2278020,0x00000000e2280000)
  to   space 2560K, 0% used [0x00000000e4280000,0x00000000e4280000,0x00000000e4500000)
 ParOldGen       total 44032K, used 3889K [0x00000000a0000000, 0x00000000a2b00000, 0x00000000e0000000)
  object space 44032K, 8% used [0x00000000a0000000,0x00000000a03cc610,0x00000000a2b00000)
 Metaspace       used 12726K, capacity 13054K, committed 13184K, reserved 1060864K
  class space    used 1691K, capacity 1813K, committed 1920K, reserved 1048576K
}

Deoptimization events (10 events):
Event: 2.706 Thread 0x00000000022c0800 Uncommon trap: reason=class_check action=maybe_recompile pc=0x00000000027102c8 method=java.util.regex.Matcher.match(II)Z @ 86
Event: 2.710 Thread 0x00000000022c0800 Uncommon trap: reason=bimorphic action=maybe_recompile pc=0x0000000002710360 method=java.util.regex.Pattern$Slice.match(Ljava/util/regex/Matcher;ILjava/lang/CharSequence;)Z @ 75
Event: 2.853 Thread 0x00000000022c0800 Uncommon trap: reason=class_check action=maybe_recompile pc=0x00000000027102c8 method=java.util.regex.Matcher.match(II)Z @ 86
Event: 2.977 Thread 0x00000000022c0800 Uncommon trap: reason=unstable_if action=reinterpret pc=0x0000000002774e88 method=java.util.HashMap.getNode(ILjava/lang/Object;)Ljava/util/HashMap$Node; @ 129
Event: 2.977 Thread 0x00000000022c0800 Uncommon trap: reason=bimorphic action=maybe_recompile pc=0x00000000027373d0 method=java.util.HashMap.putVal(ILjava/lang/Object;Ljava/lang/Object;ZZ)Ljava/lang/Object; @ 203
Event: 2.977 Thread 0x00000000022c0800 Uncommon trap: reason=unstable_if action=reinterpret pc=0x0000000002712f30 method=java.util.HashMap.getNode(ILjava/lang/Object;)Ljava/util/HashMap$Node; @ 129
Event: 2.977 Thread 0x00000000022c0800 Uncommon trap: reason=bimorphic action=maybe_recompile pc=0x00000000027373d0 method=java.util.HashMap.putVal(ILjava/lang/Object;Ljava/lang/Object;ZZ)Ljava/lang/Object; @ 203
Event: 3.302 Thread 0x00000000022c0800 Uncommon trap: reason=unstable_if action=reinterpret pc=0x0000000002799d4c method=java.io.WinNTFileSystem.normalize(Ljava/lang/String;II)Ljava/lang/String; @ 90
Event: 3.333 Thread 0x00000000022c0800 Uncommon trap: reason=unstable_if action=reinterpret pc=0x00000000027c4df4 method=java.lang.String.substring(I)Ljava/lang/String; @ 35
Event: 4.898 Thread 0x0000000017deb000 Uncommon trap: reason=bimorphic action=maybe_recompile pc=0x0000000002737378 method=java.util.HashMap.putVal(ILjava/lang/Object;Ljava/lang/Object;ZZ)Ljava/lang/Object; @ 91

Internal exceptions (10 events):
Event: 10.105 Thread 0x0000000017deb000 Exception <a 'java/lang/ClassNotFoundException': groovy/lang/ExpandoMetaClassBeanInfo> (0x00000000e0b1ff30) thrown at [C:\src\android\AOSP-openjdk\external\jetbrains\jdk\hotspot\src\share\vm\classfile\systemDictionary.cpp, line 210]
Event: 10.105 Thread 0x0000000017deb000 Exception <a 'java/lang/ClassNotFoundException': groovy/lang/MetaClassImplBeanInfo> (0x00000000e0b2abc8) thrown at [C:\src\android\AOSP-openjdk\external\jetbrains\jdk\hotspot\src\share\vm\classfile\systemDictionary.cpp, line 210]
Event: 10.105 Thread 0x0000000017deb000 Exception <a 'java/lang/ClassNotFoundException': java/lang/ObjectBeanInfo> (0x00000000e0b2fb50) thrown at [C:\src\android\AOSP-openjdk\external\jetbrains\jdk\hotspot\src\share\vm\classfile\systemDictionary.cpp, line 210]
Event: 10.106 Thread 0x0000000017deb000 Exception <a 'java/lang/ClassNotFoundException': java/lang/ObjectCustomizer> (0x00000000e0b34c20) thrown at [C:\src\android\AOSP-openjdk\external\jetbrains\jdk\hotspot\src\share\vm\classfile\systemDictionary.cpp, line 210]
Event: 10.137 Thread 0x0000000017deb000 Exception <a 'java/lang/ClassNotFoundException': groovy/lang/MetaClassImplCustomizer> (0x00000000e0b47600) thrown at [C:\src\android\AOSP-openjdk\external\jetbrains\jdk\hotspot\src\share\vm\classfile\systemDictionary.cpp, line 210]
Event: 10.143 Thread 0x0000000017deb000 Exception <a 'java/lang/ClassNotFoundException': groovy/lang/ExpandoMetaClassCustomizer> (0x00000000e0b7b3f0) thrown at [C:\src\android\AOSP-openjdk\external\jetbrains\jdk\hotspot\src\share\vm\classfile\systemDictionary.cpp, line 210]
Event: 10.194 Thread 0x0000000017deb000 Exception <a 'java/lang/ClassNotFoundException': org/gradle/api/internal/plugins/DefaultExtraPropertiesExtensionBeanInfo> (0x00000000e0bfac60) thrown at [C:\src\android\AOSP-openjdk\external\jetbrains\jdk\hotspot\src\share\vm\classfile\systemDictionary.cpp5É ñçc$@
Event: 10.194 Thread 0x0000000017deb000 Exception <a 'java/lang/ClassNotFoundException': groovy/lang/GroovyObjectSupportBeanInfo> (0x00000000e0c06a98) thrown at [C:\src\android\AOSP-openjdk\external\jetbrains\jdk\hotspot\src\share\vm\classfile\systemDictionary.cpp, line 210]
Event: 10.195 Thread 0x0000000017deb000 Exception <a 'java/lang/ClassNotFoundException': groovy/lang/GroovyObjectSupportCustomizer> (0x00000000e0c12c58) thrown at [C:\src\android\AOSP-openjdk\external\jetbrains\jdk\hotspot\src\share\vm\classfile\systemDictionary.cpp, line 210]
Event: 10.197 Thread 0x0000000017deb000 Exception <a 'java/lang/ClassNotFoundException': org/gradle/api/internal/plugins/DefaultExtraPropertiesExtensionCustomizer> (0x00000000e0c29088) thrown at [C:\src\android\AOSP-openjdk\external\jetbrains\jdk\hotspot\src\share\vm\classfile\systemDictionary.cÍqÄıé5$@

Events (10 events):
Event: 10.511 loading class org/gradle/model/internal/inspect/ModelRuleSourceDetector$1
Event: 10.512 loading class org/gradle/model/internal/inspect/ModelRuleSourceDetector$1 done
Event: 10.512 loading class com/google/common/cache/CacheLoader$1
Event: 10.512 loading class com/google/common/cache/CacheLoader$1 done
Event: 10.513 loading class com/google/common/cache/CacheLoader$SupplierToCacheLoader
Event: 10.513 loading class com/google/common/cache/CacheLoader$SupplierToCacheLoader done
Event: 10.513 loading class com/google/common/cache/CacheLoader$FunctionToCacheLoader
Event: 10.513 loading class com/google/common/cache/CacheLoader$FunctionToCacheLoader done
Event: 10.514 loading class com/google/common/cache/LocalCache$LocalLoadingCache
Event: 10.514 loading class com/google/common/cache/LocalCache$LocalLoadingCache done


Dynamic libraries:
0x00007ff7e7010000 - 0x00007ff7e7041000 	C:\Program Files\Android\Android Studio\jre\bin\java.exe
0x00007ffac8940000 - 0x00007ffac8b12000 	C:\WINDOWS\SYSTEM32\ntdll.dll
0x00007ffac82d0000 - 0x00007ffac837c000 	C:\WINDOWS\System32\KERNEL32.DLL
0x00007ffac4e40000 - 0x00007ffac505d000 	C:\WINDOWS\System32\KERNELBASE.dll
0x00007ffac6020000 - 0x00007ffac60c2000 	C:\WINDOWS\System32\ADVAPI32.dll
0x00007ffac5ed0000 - 0x00007ffac5f6e000 	C:\WINDOWS\System32\msvcrt.dll
0x00007ffac88e0000 - 0x00007ffac8939000 	C:\WINDOWS\System32\sechost.dll
0x00007ffac6430000 - 0x00007ffac6551000 	C:\WINDOWS\System32\RPCRT4.dll
0x00007ffac6950000 - 0x00007ffac6ab5000 	C:\WINDOWS\System32\USER32.dll
0x00007ffac5110000 - 0x00007ffac512e000 	C:\WINDOWS\System32\win32u.dll
0x00007ffac88a0000 - 0x00007ffac88d4000 	C:\WINDOWS\System32\GDI32.dll
0x00007ffac5300000 - 0x00007ffac5480000 	C:\WINDOWS\System32\gdi32full.dll
0x00007ffabffd0000 - 0x00007ffac024a000 	C:\WINDOWS\WinSxS\amd64_microsoft.windows.common-controls_6595b64144ccf1df_6.0.14393.953_none_42151e83c686086b\COMCTL32.dll
0x00007ffac6ad0000 - 0x00007ffac6d98000 	C:\WINDOWS\System32\combase.dll
0x00007ffac5dd0000 - 0x00007ffac5ec5000 	C:\WINDOWS\System32\ucrtbase.dll
0x00007ffac55e0000 - 0x00007ffac564a000 	C:\WINDOWS\System32\bcryptPrimitives.dll
0x00007ffac8380000 - 0x00007ffac83ae000 	C:\WINDOWS\System32\IMM32.DLL
0x000000006c0c0000 - 0x000000006c192000 	C:\Program Files\Android\Android Studio\jre\jre\bin\msvcr100.dll
0x000000006c3b0000 - 0x000000006cbe4000 	C:\Program Files\Android\Android Studio\jre\jre\bin\server\jvm.dll
0x00007ffac6840000 - 0x00007ffac6848000 	C:\WINDOWS\System32\PSAPI.DLL
0x00007ffaa7870000 - 0x00007ffaa7879000 	C:\WINDOWS\SYSTEM32\WSOCK32.dll
0x00007ffac24a0000 - 0x00007ffac24c3000 	C:\WINDOWS\SYSTEM32\WINMM.dll
0x00007ffac65c0000 - 0x00007ffac662a000 	C:\WINDOWS\System32\WS2_32.dll
0x00007ffac3250000 - 0x00007ffac325a000 	C:\WINDOWS\SYSTEM32\VERSION.dll
0x00007ffac2440000 - 0x00007ffac246b000 	C:\WINDOWS\SYSTEM32\WINMMBASE.dll
0x00007ffac5480000 - 0x00007ffac54c2000 	C:\WINDOWS\System32\cfgmgr32.dll
0x00007ffab8910000 - 0x00007ffab891f000 	C:\Program Files\Android\Android Studio\jre\jre\bin\verify.dll
0x00007ffab7840000 - 0x00007ffab7869000 	C:\Program Files\Android\Android Studio\jre\jre\bin\java.dll
0x00007ffab7bd0000 - 0x00007ffab7be6000 	C:\Program Files\Android\Android Studio\jre\jre\bin\zip.dll
0x00007ffac6dc0000 - 0x00007ffac82c8000 	C:\WINDOWS\System32\SHELL32.dll
0x00007ffac5650000 - 0x00007ffac5d28000 	C:\WINDOWS\System32\windows.storage.dll
0x00007ffac4db0000 - 0x00007ffac4dfc000 	C:\WINDOWS\System32\powrprof.dll
0x00007ffac6560000 - 0x00007ffac65b2000 	C:\WINDOWS\System32\shlwapi.dll
0x00007ffac4e10000 - 0x00007ffac4e1f000 	C:\WINDOWS\System32\kernel.appcore.dll
0x00007ffac5060000 - 0x00007ffac5109000 	C:\WINDOWS\System32\shcore.dll
0x00007ffac4e20000 - 0x00007ffac4e34000 	C:\WINDOWS\System32\profapi.dll
0x00007ffab7820000 - 0x00007ffab783a000 	C:\Program Files\Android\Android Studio\jre\jre\bin\net.dll
0x00007ffac4490000 - 0x00007ffac44ec000 	C:\WINDOWS\system32\mswsock.dll
0x00007ffaae470000 - 0x00007ffaae481000 	C:\Program Files\Android\Android Studio\jre\jre\bin\nio.dll
0x00007ffaaae10000 - 0x00007ffaaae22000 	C:\Users\Ahmed\.gradle\native\19\windows-amd64\native-platform.dll
0x00007ffac4b90000 - 0x00007ffac4ba7000 	C:\WINDOWS\SYSTEM32\CRYPTSP.dll
0x00007ffac4030000 - 0x00007ffac4063000 	C:\WINDOWS\system32\rsaenh.dll
0x00007ffac4b60000 - 0x00007ffac4b8b000 	C:\WINDOWS\SYSTEM32\bcrypt.dll
0x00007ffac4320000 - 0x00007ffac433f000 	C:\WINDOWS\SYSTEM32\USERENV.dll
0x00007ffac4630000 - 0x00007ffac463b000 	C:\WINDOWS\SYSTEM32\CRYPTBASE.dll
0x00007ffac4210000 - 0x00007ffac4248000 	C:\WINDOWS\SYSTEM32\IPHLPAPI.DLL
0x00007ffac6ac0000 - 0x00007ffac6ac8000 	C:\WINDOWS\System32\NSI.dll
0x00007ffabc730000 - 0x00007ffabc746000 	C:\WINDOWS\SYSTEM32\dhcpcsvc6.DLL
0x00007ffabc710000 - 0x00007ffabc72a000 	C:\WINDOWS\SYSTEM32\dhcpcsvc.DLL
0x00007ffab7f80000 - 0x00007ffab7f8d000 	C:\Program Files\Android\Android Studio\jre\jre\bin\management.dll

VM Arguments:
jvm_args: -Xmx1536m -Dfile.encoding=windows-1252 -Duser.country=US -Duser.language=en -Duser.variant 
java_command: org.gradle.launcher.daemon.bootstrap.GradleDaemon 2.14.1
java_class_path (initial): C:\Program Files\Android\Android Studio\gradle\gradle-2.14.1\lib\gradle-launcher-2.14.1.jar
Launcher Type: SUN_STANDARD

Environment Variables:
JAVA_HOME=C:\Java\jdk1.8.0_73
PATH=C:\Program Files (x86)\EasyPHP-DevServer-14.1VC11\binaries\php\php_runningversion;C:\ProgramData\Oracle\Java\javapath;C:\WINDOWS\system32;C:\WINDOWS;C:\WINDOWS\System32\Wbem;C:\WINDOWS\System32\WindowsPowerShell\v1.0\;C:\Deploy\bin;C:\Java\jdk1.8.0_73\bin;C:\Program Files\MiKTeX 2.9\miktex\bin\x64\;C:\ProgramData\ComposerSetup\bin;C:\WINDOWS\system32\config\systemprofile\.dnx\bin;C:\Program Files\Microsoft DNX\Dnvm\;C:\Program Files\Microsoft SQL Server\120\Tools\Binn\;C:\Users\Ahmed\AppData\Local\Microsoft\WindowsApps;C:\Users\Ahmed\Documents\PHP54-GTK2
USERNAME=Ahmed
OS=Windows_NT
PROCESSOR_IDENTIFIER=Intel64 Family 6 Model 23 Stepping 6, GenuineIntel



---------------  S Y S T E M  ---------------

OS: Windows 10.0 , 64 bit Build 14393 (10.0.14393.1198)

CPU:total 2 (2 cores per cpu, 1 threads per core) family 6 model 23 stepping 6, cmov, cx8, fxsr, mmx, sse, sse2, sse3, ssse3, sse4.1, tsc

Memory: 4k page, physical 4116368k(361820k free), swap 9338768k(3632k free)

vm_info: OpenJDK 64-Bit Server VM (25.76-b03) for windows-amd64 JRE (1.8.0_76-release-b03), built on Jun 29 2016 19:09:20 by "ralucas" with MS VC++ 10.0 (VS2010)

time: Wed Nov 08 07:26:03 2017
elapsed time: 10 seconds (0d 0h 0m 10s)

