#
# A fatal error has been detected by the Java Runtime Environment:
#
#  EXCEPTION_ACCESS_VIOLATION (0xc0000005) at pc=0x000000006c59aeb7, pid=7868, tid=0x0000000000002704
#
# JRE version: OpenJDK Runtime Environment (8.0_76-b03) (build 1.8.0_76-release-b03)
# Java VM: OpenJDK 64-Bit Server VM (25.76-b03 mixed mode windows-amd64 compressed oops)
# Problematic frame:
# V  [jvm.dll+0x1eaeb7]
#
# Failed to write core dump. Minidumps are not enabled by default on client versions of Windows
#
# If you would like to submit a bug report, please visit:
#   http://bugreport.java.com/bugreport/crash.jsp
#

---------------  T H R E A D  ---------------

Current thread (0x000000001b60b000):  JavaThread "pool-3-thread-4" [_thread_in_vm, id=9988, stack(0x0000000023670000,0x0000000023770000)]

siginfo: ExceptionCode=0xc0000005, writing address 0x000000002376a1a0

Registers:
RAX=0x000000002376a1a0, RBX=0x0000000000000006, RCX=0x0000000000005000, RDX=0x0000000000000006
RSP=0x000000002376f1a0, RBP=0x0000000000000000, RSI=0x000000002376f1a0, RDI=0x0000000000000006
R8 =0x0000000000000006, R9 =0x00000000186a23d0, R10=0x000000001511d900, R11=0x000000002367a148
R12=0x00000000186a23d0, R13=0x000000001b60b000, R14=0x000000002376f268, R15=0x000000001511d900
RIP=0x000000006c59aeb7, EFLAGS=0x0000000000010206

Top of Stack: (sp=0x000000002376f1a0)
0x000000002376f1a0:   0000000000000002 00007ffac8940000
0x000000002376f1b0:   000000001b60b000 00000000186a23d0
0x000000002376f1c0:   00000000ffffffff 000000006c59bde7
0x000000002376f1d0:   000000002376f2d0 000000001511d900
0x000000002376f1e0:   000000001b60b000 000000006c44aa53
0x000000002376f1f0:   000000002376f230 000000001b60b000
0x000000002376f200:   000000002376f2c0 000000001b60b000
0x000000002376f210:   000000001511d900 000000001b60b000
0x000000002376f220:   0000000002330e20 000000001b60b000
0x000000002376f230:   000000001511d900 000000001b60b000
0x000000002376f240:   000000001511d900 000000001b60b000
0x000000002376f250:   0000000000000001 000000001511d900
0x000000002376f260:   000000001b60b000 000000001aaca7d0
0x000000002376f270:   000000001b60b000 000000006c44bf3d
0x000000002376f280:   000000002376f588 00000001000066b0
0x000000002376f290:   00000001000066b0 0000000000000000 

Instructions: (pc=0x000000006c59aeb7)
0x000000006c59ae97:   48 89 6c 24 30 33 ed 66 90 e8 4b b8 07 00 ff c3
0x000000006c59aea7:   48 63 c8 48 8b c6 48 0f af cf 48 ff c7 48 2b c1
0x000000006c59aeb7:   89 28 48 63 c3 48 3b 05 cd d6 56 00 7e db 48 8b
0x000000006c59aec7:   6c 24 30 48 8b 5c 24 38 48 8b 74 24 40 48 83 c4 


Register to memory mapping:

RAX=0x000000002376a1a0 is pointing into the stack for thread: 0x000000001b60b000
RBX=0x0000000000000006 is an unknown value
RCX=0x0000000000005000 is an unknown value
RDX=0x0000000000000006 is an unknown value
RSP=0x000000002376f1a0 is pointing into the stack for thread: 0x000000001b60b000
RBP=0x0000000000000000 is an unknown value
RSI=0x000000002376f1a0 is pointing into the stack for thread: 0x000000001b60b000
RDI=0x0000000000000006 is an unknown value
R8 =0x0000000000000006 is an unknown value
R9 =0x00000000186a23d0 is an unknown value
R10={method} {0x000000001511d908} 'run' '()V' in 'java/lang/Thread'
R11=0x000000002367a148 is pointing into the stack for thread: 0x000000001b60b000
R12=0x00000000186a23d0 is an unknown value
R13=0x000000001b60b000 is a thread
R14=0x000000002376f268 is pointing into the stack for thread: 0x000000001b60b000
R15={method} {0x000000001511d908} 'run' '()V' in 'java/lang/Thread'


Stack: [0x0000000023670000,0x0000000023770000],  sp=0x000000002376f1a0,  free space=1020k
Native frames: (J=compiled Java code, j=interpreted, Vv=VM code, C=native code)


---------------  P R O C E S S  ---------------

Java Threads: ( => current thread )
=>0x000000001b60b000 JavaThread "pool-3-thread-4" [_thread_in_vm, id=9988, stack(0x0000000023670000,0x0000000023770000)]
  0x000000001b606800 JavaThread "stderr" daemon [_thread_in_native, id=6152, stack(0x0000000022f70000,0x0000000023070000)]
  0x000000001b609800 JavaThread "stdout" daemon [_thread_blocked, id=9772, stack(0x0000000022e70000,0x0000000022f70000)]
  0x000000001b603000 JavaThread "stderr" daemon [_thread_in_native, id=10212, stack(0x0000000022d70000,0x0000000022e70000)]
  0x000000001b607000 JavaThread "stdout" daemon [_thread_in_native, id=796, stack(0x0000000022c70000,0x0000000022d70000)]
  0x000000001b60a000 JavaThread "stderr" daemon [_thread_in_native, id=5908, stack(0x0000000022b70000,0x0000000022c70000)]
  0x000000001b604800 JavaThread "stdout" daemon [_thread_blocked, id=4476, stack(0x0000000022a70000,0x0000000022b70000)]
  0x000000001b601000 JavaThread "stderr" daemon [_thread_in_native, id=6668, stack(0x0000000022970000,0x0000000022a70000)]
  0x000000001b604000 JavaThread "stdout" daemon [_thread_blocked, id=8452, stack(0x0000000022870000,0x0000000022970000)]
  0x000000001b605800 JavaThread "stderr" daemon [_thread_in_native, id=7748, stack(0x0000000022770000,0x0000000022870000)]
  0x000000001b602800 JavaThread "stdout" daemon [_thread_blocked, id=2968, stack(0x0000000022670000,0x0000000022770000)]
  0x000000001b601800 JavaThread "stderr" daemon [_thread_in_native, id=6236, stack(0x0000000022570000,0x0000000022670000)]
  0x0000000018598800 JavaThread "stdout" daemon [_thread_blocked, id=5440, stack(0x0000000022470000,0x0000000022570000)]
  0x0000000018598000 JavaThread "stderr" daemon [_thread_in_native, id=9132, stack(0x0000000022370000,0x0000000022470000)]
  0x000000001859a000 JavaThread "stdout" daemon [_thread_blocked, id=4864, stack(0x0000000022270000,0x0000000022370000)]
  0x0000000018597000 JavaThread "stderr" daemon [_thread_in_native, id=3404, stack(0x0000000022170000,0x0000000022270000)]
  0x0000000018599800 JavaThread "stdout" daemon [_thread_blocked, id=3852, stack(0x0000000022070000,0x0000000022170000)]
  0x000000001858f800 JavaThread "stderr" daemon [_thread_blocked, id=8136, stack(0x0000000021f70000,0x0000000022070000)]
  0x0000000018596800 JavaThread "stdout" daemon [_thread_blocked, id=104, stack(0x0000000021e70000,0x0000000021f70000)]
  0x000000001858f000 JavaThread "stderr" daemon [_thread_in_native, id=6392, stack(0x0000000021d70000,0x0000000021e70000)]
  0x0000000018595800 JavaThread "stdout" daemon [_thread_blocked, id=6684, stack(0x0000000021c70000,0x0000000021d70000)]
  0x000000001858e000 JavaThread "stderr" daemon [_thread_in_native, id=9248, stack(0x0000000021b70000,0x0000000021c70000)]
  0x0000000018595000 JavaThread "stdout" daemon [_thread_blocked, id=8840, stack(0x0000000021a70000,0x0000000021b70000)]
  0x0000000018594000 JavaThread "stderr" daemon [_thread_in_native, id=8572, stack(0x0000000021970000,0x0000000021a70000)]
  0x000000001858d800 JavaThread "stdout" daemon [_thread_blocked, id=4436, stack(0x0000000021870000,0x0000000021970000)]
  0x0000000018592800 JavaThread "stderr" daemon [_thread_in_native, id=168, stack(0x0000000021770000,0x0000000021870000)]
  0x0000000018593800 JavaThread "stdout" daemon [_thread_blocked, id=9676, stack(0x0000000021670000,0x0000000021770000)]
  0x0000000018592000 JavaThread "stderr" daemon [_thread_in_native, id=4080, stack(0x0000000021570000,0x0000000021670000)]
  0x000000001858c800 JavaThread "stdout" daemon [_thread_blocked, id=1668, stack(0x0000000021470000,0x0000000021570000)]
  0x0000000018591000 JavaThread "stderr" daemon [_thread_in_native, id=4528, stack(0x0000000021370000,0x0000000021470000)]
  0x000000001858c000 JavaThread "stdout" daemon [_thread_blocked, id=9540, stack(0x0000000021270000,0x0000000021370000)]
  0x0000000018590800 JavaThread "stderr" daemon [_thread_in_native, id=764, stack(0x0000000021170000,0x0000000021270000)]
  0x000000001858b000 JavaThread "stdout" daemon [_thread_blocked, id=8604, stack(0x0000000021070000,0x0000000021170000)]
  0x000000001b5ff800 JavaThread "stderr" daemon [_thread_in_native, id=7000, stack(0x0000000020f70000,0x0000000021070000)]
  0x000000001b600000 JavaThread "stdout" daemon [_thread_blocked, id=9976, stack(0x0000000020e70000,0x0000000020f70000)]
  0x000000001b5fe000 JavaThread "stderr" daemon [_thread_blocked, id=5764, stack(0x0000000020d70000,0x0000000020e70000)]
  0x000000001b5fe800 JavaThread "stdout" daemon [_thread_blocked, id=2504, stack(0x0000000020c70000,0x0000000020d70000)]
  0x000000001b5f6000 JavaThread "stderr" daemon [_thread_in_native, id=8540, stack(0x0000000020b70000,0x0000000020c70000)]
  0x000000001b5fd000 JavaThread "stdout" daemon [_thread_blocked, id=5968, stack(0x0000000020a70000,0x0000000020b70000)]
  0x000000001b5fc800 JavaThread "stderr" daemon [_thread_in_native, id=4304, stack(0x0000000020970000,0x0000000020a70000)]
  0x000000001b5fb000 JavaThread "png-cruncher_20" daemon [_thread_blocked, id=6864, stack(0x0000000020870000,0x0000000020970000)]
  0x000000001b5fa000 JavaThread "png-cruncher_19" daemon [_thread_blocked, id=9052, stack(0x0000000020770000,0x0000000020870000)]
  0x000000001b5fb800 JavaThread "png-cruncher_18" daemon [_thread_blocked, id=6724, stack(0x0000000020670000,0x0000000020770000)]
  0x000000001b5f2800 JavaThread "png-cruncher_17" daemon [_thread_blocked, id=8808, stack(0x0000000020570000,0x0000000020670000)]
  0x000000001b5f5800 JavaThread "png-cruncher_16" daemon [_thread_blocked, id=7172, stack(0x0000000020470000,0x0000000020570000)]
  0x000000001b5f9800 JavaThread "png-cruncher_15" daemon [_thread_blocked, id=1588, stack(0x0000000020370000,0x0000000020470000)]
  0x000000001b5f3000 JavaThread "png-cruncher_14" daemon [_thread_blocked, id=6876, stack(0x0000000020270000,0x0000000020370000)]
  0x000000001b5f8800 JavaThread "png-cruncher_13" daemon [_thread_blocked, id=6056, stack(0x0000000020170000,0x0000000020270000)]
  0x000000001b5f7000 JavaThread "png-cruncher_12" daemon [_thread_blocked, id=5552, stack(0x0000000020070000,0x0000000020170000)]
  0x000000001b5f4800 JavaThread "png-cruncher_11" daemon [_thread_blocked, id=9544, stack(0x000000001ff70000,0x0000000020070000)]
  0x000000001b5f1000 JavaThread "png-cruncher_10" daemon [_thread_blocked, id=4356, stack(0x000000001fe70000,0x000000001ff70000)]
  0x000000001b5f1800 JavaThread "png-cruncher_9" daemon [_thread_blocked, id=8628, stack(0x000000001fd70000,0x000000001fe70000)]
  0x000000001b5f8000 JavaThread "png-cruncher_8" daemon [_thread_blocked, id=6420, stack(0x000000001fc70000,0x000000001fd70000)]
  0x000000001b5f4000 JavaThread "png-cruncher_7" daemon [_thread_blocked, id=9860, stack(0x000000001fb70000,0x000000001fc70000)]
  0x0000000018788800 JavaThread "png-cruncher_6" daemon [_thread_blocked, id=1016, stack(0x000000001fa70000,0x000000001fb70000)]
  0x000000001ae19800 JavaThread "png-cruncher_5" daemon [_thread_blocked, id=8820, stack(0x000000001f970000,0x000000001fa70000)]
  0x000000001ae15000 JavaThread "png-cruncher_4" daemon [_thread_blocked, id=6132, stack(0x000000001f870000,0x000000001f970000)]
  0x000000001ae17800 JavaThread "png-cruncher_3" daemon [_thread_blocked, id=4224, stack(0x000000001f770000,0x000000001f870000)]
  0x000000001ae16000 JavaThread "png-cruncher_2" daemon [_thread_blocked, id=4940, stack(0x000000001f670000,0x000000001f770000)]
  0x000000001ae16800 JavaThread "png-cruncher_1" daemon [_thread_blocked, id=6592, stack(0x000000001f570000,0x000000001f670000)]
  0x000000001ae14800 JavaThread "pool-4-thread-2" [_thread_blocked, id=7284, stack(0x000000001f470000,0x000000001f570000)]
  0x000000001ae1a800 JavaThread "pool-4-thread-1" [_thread_blocked, id=216, stack(0x000000001f370000,0x000000001f470000)]
  0x000000001ae19000 JavaThread "Asynchronous log dispatcher for org.gradle.launcher.daemon.server.DefaultDaemonConnection@6e636595" [_thread_blocked, id=5624, stack(0x000000001e1a0000,0x000000001e2a0000)]
  0x000000001ae18000 JavaThread "Daemon worker Thread 2" [_thread_blocked, id=2940, stack(0x000000001e0a0000,0x000000001e1a0000)]
  0x0000000018784000 JavaThread "Cancel handler" [_thread_blocked, id=1844, stack(0x000000001dfa0000,0x000000001e0a0000)]
  0x0000000018783000 JavaThread "Handler for socket connection from /127.0.0.1:34125 to /127.0.0.1:34309" [_thread_in_native, id=4104, stack(0x000000001dea0000,0x000000001dfa0000)]
  0x0000000018782800 JavaThread "Daemon Thread 2" [_thread_blocked, id=7272, stack(0x000000001dda0000,0x000000001dea0000)]
  0x0000000017d7d000 JavaThread "File lock request listener" [_thread_in_native, id=5600, stack(0x000000001b0d0000,0x000000001b1d0000)]
  0x0000000017ca1800 JavaThread "pool-1-thread-1" [_thread_blocked, id=5608, stack(0x0000000019150000,0x0000000019250000)]
  0x0000000017c84800 JavaThread "Incoming local TCP Connector on port 34125" [_thread_in_native, id=6604, stack(0x0000000018d20000,0x0000000018e20000)]
  0x0000000015abc000 JavaThread "Service Thread" daemon [_thread_blocked, id=4936, stack(0x0000000016b80000,0x0000000016c80000)]
  0x0000000015a4b000 JavaThread "C1 CompilerThread1" daemon [_thread_blocked, id=4368, stack(0x0000000016a80000,0x0000000016b80000)]
  0x0000000015a49000 JavaThread "C2 CompilerThread0" daemon [_thread_blocked, id=9536, stack(0x0000000016980000,0x0000000016a80000)]
  0x0000000015a45800 JavaThread "Attach Listener" daemon [_thread_blocked, id=3972, stack(0x0000000016880000,0x0000000016980000)]
  0x0000000015a42800 JavaThread "Signal Dispatcher" daemon [_thread_blocked, id=8916, stack(0x0000000016780000,0x0000000016880000)]
  0x0000000015a2d800 JavaThread "Finalizer" daemon [_thread_blocked, id=9756, stack(0x0000000016680000,0x0000000016780000)]
  0x0000000015a03800 JavaThread "Reference Handler" daemon [_thread_blocked, id=6648, stack(0x0000000016580000,0x0000000016680000)]
  0x0000000002220800 JavaThread "main" [_thread_blocked, id=7084, stack(0x0000000002120000,0x0000000002220000)]

Other Threads:
  0x00000000159fd000 VMThread [stack: 0x0000000016480000,0x0000000016580000] [id=7476]
  0x0000000015abf000 WatcherThread [stack: 0x0000000016c80000,0x0000000016d80000] [id=6560]

VM state:synchronizing (normal execution)

VM Mutex/Monitor currently owned by a thread:  ([mutex/lock_event])
[0x000000000084c680] Threads_lock - owner thread: 0x00000000159fd000

Heap:
 PSYoungGen      total 212480K, used 38813K [0x00000000e0000000, 0x00000000ee380000, 0x0000000100000000)
  eden space 193536K, 10% used [0x00000000e0000000,0x00000000e1416730,0x00000000ebd00000)
  from space 18944K, 96% used [0x00000000ebd00000,0x00000000eced0f60,0x00000000ecf80000)
  to   space 17408K, 0% used [0x00000000ecf80000,0x00000000ecf80000,0x00000000ee080000)
 ParOldGen       total 96768K, used 49848K [0x00000000a0000000, 0x00000000a5e80000, 0x00000000e0000000)
  object space 96768K, 51% used [0x00000000a0000000,0x00000000a30ae138,0x00000000a5e80000)
 Metaspace       used 57011K, capacity 59262K, committed 59440K, reserved 1099776K
  class space    used 7597K, capacity 8200K, committed 8240K, reserved 1048576K

Card table byte_map: [0x00000000116e0000,0x00000000119f0000] byte_map_base: 0x00000000111e0000

Marking Bits: (ParMarkBitMap*) 0x000000006cb69d00
 Begin Bits: [0x0000000011df0000, 0x00000000135f0000)
 End Bits:   [0x00000000135f0000, 0x0000000014df0000)

Polling page: 0x0000000000860000

CodeCache: size=245760Kb used=28905Kb max_used=28905Kb free=216854Kb
 bounds [0x0000000002320000, 0x0000000003f80000, 0x0000000011320000]
 total_blobs=8760 nmethods=8046 adapters=627
 compilation: enabled

Compilation events (10 events):
Event: 413.682 Thread 0x0000000015a4b000 9354       3       com.android.build.gradle.internal.LoggerWrapper::verbose (59 bytes)
Event: 413.684 Thread 0x0000000015a4b000 nmethod 9354 0x0000000003f6bad0 code [0x0000000003f6bd20, 0x0000000003f6caf8]
Event: 413.696 Thread 0x0000000015a4b000 9355       3       com.android.build.gradle.internal.aapt.AaptGradleFactory$FilteringLogger::verbose (12 bytes)
Event: 413.697 Thread 0x0000000015a4b000 nmethod 9355 0x0000000003f6b650 code [0x0000000003f6b7c0, 0x0000000003f6b9e8]
Event: 413.700 Thread 0x0000000015a4b000 9356       3       com.google.common.base.MoreObjects$ToStringHelper::add (7 bytes)
Event: 413.701 Thread 0x0000000015a4b000 nmethod 9356 0x0000000003939310 code [0x00000000039394c0, 0x0000000003939a08]
Event: 413.701 Thread 0x0000000015a4b000 9357       3       com.google.common.base.MoreObjects$ToStringHelper::addHolder (23 bytes)
Event: 413.701 Thread 0x0000000015a4b000 nmethod 9357 0x0000000003f7b850 code [0x0000000003f7b9e0, 0x0000000003f7bec8]
Event: 413.701 Thread 0x0000000015a4b000 9358       3       com.google.common.base.MoreObjects$ToStringHelper::addHolder (24 bytes)
Event: 413.701 Thread 0x0000000015a4b000 nmethod 9358 0x0000000003f7c1d0 code [0x0000000003f7c340, 0x0000000003f7c630]

GC Heap History (10 events):
Event: 123.221 GC heap before
{Heap before GC invocations=13 (full 2):
 PSYoungGen      total 152576K, used 152395K [0x00000000e0000000, 0x00000000ea300000, 0x0000000100000000)
  eden space 141312K, 100% used [0x00000000e0000000,0x00000000e8a00000,0x00000000e8a00000)
  from space 11264K, 98% used [0x00000000e9800000,0x00000000ea2d2ef0,0x00000000ea300000)
  to   space 12800K, 0% used [0x00000000e8a00000,0x00000000e8a00000,0x00000000e9680000)
 ParOldGen       total 53760K, used 18532K [0x00000000a0000000, 0x00000000a3480000, 0x00000000e0000000)
  object space 53760K, 34% used [0x00000000a0000000,0x00000000a1219240,0x00000000a3480000)
 Metaspace       used 47735K, capacity 49262K, committed 49328K, reserved 1091584K
  class space    used 6413K, capacity 6773K, committed 6832K, reserved 1048576K
Event: 123.611 GC heap after
Heap after GC invocations=13 (full 2):
 PSYoungGen      total 154112K, used 12768K [0x00000000e0000000, 0x00000000ee080000, 0x0000000100000000)
  eden space 141312K, 0% used [0x00000000e0000000,0x00000000e0000000,0x00000000e8a00000)
  from space 12800K, 99% used [0x00000000e8a00000,0x00000000e9678220,0x00000000e9680000)
  to   space 17408K, 0% used [0x00000000ecf80000,0x00000000ecf80000,0x00000000ee080000)
 ParOldGen       total 53760K, used 25476K [0x00000000a0000000, 0x00000000a3480000, 0x00000000e0000000)
  object space 53760K, 47% used [0x00000000a0000000,0x00000000a18e1170,0x00000000a3480000)
 Metaspace       used 47735K, capacity 49262K, committed 49328K, reserved 1091584K
  class space    used 6413K, capacity 6773K, committed 6832K, reserved 1048576K
}
Event: 133.377 GC heap before
{Heap before GC invocations=14 (full 2):
 PSYoungGen      total 154112K, used 141821K [0x00000000e0000000, 0x00000000ee080000, 0x0000000100000000)
  eden space 141312K, 91% used [0x00000000e0000000,0x00000000e7e07400,0x00000000e8a00000)
  from space 12800K, 99% used [0x00000000e8a00000,0x00000000e9678220,0x00000000e9680000)
  to   space 17408K, 0% used [0x00000000ecf80000,0x00000000ecf80000,0x00000000ee080000)
 ParOldGen       total 53760K, used 25476K [0x00000000a0000000, 0x00000000a3480000, 0x00000000e0000000)
  object space 53760K, 47% used [0x00000000a0000000,0x00000000a18e1170,0x00000000a3480000)
 Metaspace       used 52533K, capacity 54666K, committed 54960K, reserved 1095680K
  class space    used 7180K, capacity 7762K, committed 7856K, reserved 1048576K
Event: 133.537 GC heap after
Heap after GC invocations=14 (full 2):
 PSYoungGen      total 210944K, used 15271K [0x00000000e0000000, 0x00000000ee380000, 0x0000000100000000)
  eden space 193536K, 0% used [0x00000000e0000000,0x00000000e0000000,0x00000000ebd00000)
  from space 17408K, 87% used [0x00000000ecf80000,0x00000000ede69ca8,0x00000000ee080000)
  to   space 18944K, 0% used [0x00000000ebd00000,0x00000000ebd00000,0x00000000ecf80000)
 ParOldGen       total 53760K, used 38259K [0x00000000a0000000, 0x00000000a3480000, 0x00000000e0000000)
  object space 53760K, 71% used [0x00000000a0000000,0x00000000a255cc50,0x00000000a3480000)
 Metaspace       used 52533K, capacity 54666K, committed 54960K, reserved 1095680K
  class space    used 7180K, capacity 7762K, committed 7856K, reserved 1048576K
}
Event: 133.537 GC heap before
{Heap before GC invocations=15 (full 3):
 PSYoungGen      total 210944K, used 15271K [0x00000000e0000000, 0x00000000ee380000, 0x0000000100000000)
  eden space 193536K, 0% used [0x00000000e0000000,0x00000000e0000000,0x00000000ebd00000)
  from space 17408K, 87% used [0x00000000ecf80000,0x00000000ede69ca8,0x00000000ee080000)
  to   space 18944K, 0% used [0x00000000ebd00000,0x00000000ebd00000,0x00000000ecf80000)
 ParOldGen       total 53760K, used 38259K [0x00000000a0000000, 0x00000000a3480000, 0x00000000e0000000)
  object space 53760K, 71% used [0x00000000a0000000,0x00000000a255cc50,0x00000000a3480000)
 Metaspace       used 52533K, capacity 54666K, committed 54960K, reserved 1095680K
  class space    used 7180K, capacity 7762K, committed 7856K, reserved 1048576K
Event: 134.995 GC heap after
Heap after GC invocations=15 (full 3):
 PSYoungGen      total 210944K, used 0K [0x00000000e0000000, 0x00000000ee380000, 0x0000000100000000)
  eden space 193536K, 0% used [0x00000000e0000000,0x00000000e0000000,0x00000000ebd00000)
  from space 17408K, 0% used [0x00000000ecf80000,0x00000000ecf80000,0x00000000ee080000)
  to   space 18944K, 0% used [0x00000000ebd00000,0x00000000ebd00000,0x00000000ecf80000)
 ParOldGen       total 53760K, used 47617K [0x00000000a0000000, 0x00000000a3480000, 0x00000000e0000000)
  object space 53760K, 88% used [0x00000000a0000000,0x00000000a2e80580,0x00000000a3480000)
 Metaspace       used 52533K, capacity 54666K, committed 54960K, reserved 1095680K
  class space    used 7180K, capacity 7762K, committed 7856K, reserved 1048576K
}
Event: 315.760 GC heap before
{Heap before GC invocations=16 (full 4):
 PSYoungGen      total 210944K, used 193536K [0x00000000e0000000, 0x00000000ee380000, 0x0000000100000000)
  eden space 193536K, 100% used [0x00000000e0000000,0x00000000ebd00000,0x00000000ebd00000)
  from space 17408K, 0% used [0x00000000ecf80000,0x00000000ecf80000,0x00000000ee080000)
  to   space 18944K, 0% used [0x00000000ebd00000,0x00000000ebd00000,0x00000000ecf80000)
 ParOldGen       total 53760K, used 47617K [0x00000000a0000000, 0x00000000a3480000, 0x00000000e0000000)
  object space 53760K, 88% used [0x00000000a0000000,0x00000000a2e80580,0x00000000a3480000)
 Metaspace       used 55586K, capacity 57844K, committed 58032K, reserved 1099776K
  class space    used 7485K, capacity 8097K, committed 8112K, reserved 1048576K
Event: 316.366 GC heap after
Heap after GC invocations=16 (full 4):
 PSYoungGen      total 210944K, used 0K [0x00000000e0000000, 0x00000000ee380000, 0x0000000100000000)
  eden space 193536K, 0% used [0x00000000e0000000,0x00000000e0000000,0x00000000ebd00000)
  from space 17408K, 0% used [0x00000000ecf80000,0x00000000ecf80000,0x00000000ee080000)
  to   space 18944K, 0% used [0x00000000ebd00000,0x00000000ebd00000,0x00000000ecf80000)
 ParOldGen       total 96768K, used 49840K [0x00000000a0000000, 0x00000000a5e80000, 0x00000000e0000000)
  object space 96768K, 51% used [0x00000000a0000000,0x00000000a30ac138,0x00000000a5e80000)
 Metaspace       used 55586K, capacity 57844K, committed 58032K, reserved 1099776K
  class space    used 7485K, capacity 8097K, committed 8112K, reserved 1048576K
}
Event: 411.646 GC heap before
{Heap before GC invocations=17 (full 4):
 PSYoungGen      total 210944K, used 193536K [0x00000000e0000000, 0x00000000ee380000, 0x0000000100000000)
  eden space 193536K, 100% used [0x00000000e0000000,0x00000000ebd00000,0x00000000ebd00000)
  from space 17408K, 0% used [0x00000000ecf80000,0x00000000ecf80000,0x00000000ee080000)
  to   space 18944K, 0% used [0x00000000ebd00000,0x00000000ebd00000,0x00000000ecf80000)
 ParOldGen       total 96768K, used 49840K [0x00000000a0000000, 0x00000000a5e80000, 0x00000000e0000000)
  object space 96768K, 51% used [0x00000000a0000000,0x00000000a30ac138,0x00000000a5e80000)
 Metaspace       used 57003K, capacity 59262K, committed 59440K, reserved 1099776K
  class space    used 7597K, capacity 8200K, committed 8240K, reserved 1048576K
Event: 412.537 GC heap after
Heap after GC invocations=17 (full 4):
 PSYoungGen      total 212480K, used 18243K [0x00000000e0000000, 0x00000000ee380000, 0x0000000100000000)
  eden space 193536K, 0% used [0x00000000e0000000,0x00000000e0000000,0x00000000ebd00000)
  from space 18944K, 96% used [0x00000000ebd00000,0x00000000eced0f60,0x00000000ecf80000)
  to   space 17408K, 0% used [0x00000000ecf80000,0x00000000ecf80000,0x00000000ee080000)
 ParOldGen       total 96768K, used 49848K [0x00000000a0000000, 0x00000000a5e80000, 0x00000000e0000000)
  object space 96768K, 51% used [0x00000000a0000000,0x00000000a30ae138,0x00000000a5e80000)
 Metaspace       used 57003K, capacity 59262K, committed 59440K, reserved 1099776K
  class space    used 7597K, capacity 8200K, committed 8240K, reserved 1048576K
}

Deoptimization events (10 events):
Event: 359.743 Thread 0x000000001ae18000 Uncommon trap: reason=class_check action=maybe_recompile pc=0x0000000003dda324 method=com.sun.org.apache.xerces.internal.dom.AttributeMap.setNamedItem(Lorg/w3c/dom/Node;)Lorg/w3c/dom/Node; @ 4
Event: 359.743 Thread 0x000000001ae18000 Uncommon trap: reason=bimorphic action=maybe_recompile pc=0x0000000003d94ea8 method=com.sun.org.apache.xerces.internal.dom.CoreDocumentImpl.isKidOK(Lorg/w3c/dom/Node;Lorg/w3c/dom/Node;)Z @ 39
Event: 359.743 Thread 0x000000001ae18000 Uncommon trap: reason=bimorphic action=maybe_recompile pc=0x0000000003d94ea8 method=com.sun.org.apache.xerces.internal.dom.CoreDocumentImpl.isKidOK(Lorg/w3c/dom/Node;Lorg/w3c/dom/Node;)Z @ 39
Event: 359.743 Thread 0x000000001ae18000 Uncommon trap: reason=class_check action=maybe_recompile pc=0x0000000003dda324 method=com.sun.org.apache.xerces.internal.dom.AttributeMap.setNamedItem(Lorg/w3c/dom/Node;)Lorg/w3c/dom/Node; @ 4
Event: 359.743 Thread 0x000000001ae18000 Uncommon trap: reason=bimorphic action=maybe_recompile pc=0x0000000003d94ea8 method=com.sun.org.apache.xerces.internal.dom.CoreDocumentImpl.isKidOK(Lorg/w3c/dom/Node;Lorg/w3c/dom/Node;)Z @ 39
Event: 361.486 Thread 0x000000001ae18000 Uncommon trap: reason=unstable_if action=reinterpret pc=0x0000000003e23e24 method=com.sun.org.apache.xerces.internal.dom.CoreDocumentImpl.setUserData(Lorg/w3c/dom/Node;Ljava/lang/String;Ljava/lang/Object;Lorg/w3c/dom/UserDataHandler;)Ljava/lang/Object; @ 1þè7Išv@
Event: 361.643 Thread 0x000000001ae18000 Uncommon trap: reason=null_check action=make_not_entrant pc=0x0000000003eb21a0 method=com.android.ide.common.res2.NodeUtils.processSingleNodeNamespace(Lorg/w3c/dom/Node;Lorg/w3c/dom/Document;)Z @ 8
Event: 373.345 Thread 0x000000001ae18000 Uncommon trap: reason=unstable_if action=reinterpret pc=0x0000000002e9629c method=java.util.LinkedHashMap.afterNodeInsertion(Z)V @ 18
Event: 411.362 Thread 0x000000001b5f7000 Uncommon trap: reason=unstable_if action=reinterpret pc=0x0000000003264544 method=java.util.regex.Matcher.appendReplacement(Ljava/lang/StringBuffer;Ljava/lang/String;)Ljava/util/regex/Matcher; @ 47
Event: 413.681 Thread 0x000000001858f800 Uncommon trap: reason=class_check action=maybe_recompile pc=0x0000000003237d88 method=java.util.regex.Matcher.search(I)Z @ 86

Internal exceptions (10 events):
Event: 354.942 Thread 0x000000001ae18000 Implicit null exception at 0x0000000003dc6957 to 0x0000000003dc6ac1
Event: 354.942 Thread 0x000000001ae18000 Implicit null exception at 0x0000000003dc55d7 to 0x0000000003dc5741
Event: 354.997 Thread 0x000000001ae18000 Implicit null exception at 0x00000000026c4ef8 to 0x00000000026c508d
Event: 361.643 Thread 0x000000001ae18000 Implicit null exception at 0x0000000003eb1f17 to 0x0000000003eb2191
Event: 413.109 Thread 0x000000001b60d000 Exception <a 'java/lang/OutOfMemoryError': unable to create new native thread> (0x00000000e0007878) thrown at [C:\src\android\AOSP-openjdk\external\jetbrains\jdk\hotspot\src\share\vm\prims\jvm.cpp, line 3020]
Event: 413.682 Thread 0x0000000018598800 Exception <a 'java/lang/OutOfMemoryError': unable to create new native thread> (0x00000000e04ec160) thrown at [C:\src\android\AOSP-openjdk\external\jetbrains\jdk\hotspot\src\share\vm\prims\jvm.cpp, line 3020]
Event: 413.684 Thread 0x000000001858f800 StackOverflowError at 0x00000000026637c0
Event: 413.684 Thread 0x000000001858f800 Exception <a 'java/lang/StackOverflowError'> (0x00000000e13b6938) thrown at [C:\src\android\AOSP-openjdk\external\jetbrains\jdk\hotspot\src\share\vm\runtime\sharedRuntime.cpp, line 605]
Event: 413.689 Thread 0x0000000018598800 Exception <a 'java/lang/StackOverflowError'> (0x00000000e04ecd18) thrown at [C:\src\android\AOSP-openjdk\external\jetbrains\jdk\hotspot\src\share\vm\interpreter\interpreterRuntime.cpp, line 323]
Event: 413.690 Thread 0x0000000018598800 Exception <a 'java/lang/StackOverflowError'> (0x00000000e04ecd18) thrown at [C:\src\android\AOSP-openjdk\external\jetbrains\jdk\hotspot\src\share\vm\prims\jvm.cpp, line 1390]

Events (10 events):
Event: 413.682 Executing VM operation: RevokeBias
Event: 413.682 Thread 0x000000001858f800 DEOPT UNPACKING pc=0x000000000236556a sp=0x000000002206f038 mode 2
Event: 413.682 Executing VM operation: RevokeBias done
Event: 413.682 Executing VM operation: RevokeBias
Event: 413.684 loading class java/io/InterruptedIOException
Event: 413.686 Executing VM operation: RevokeBias done
Event: 413.687 Thread 0x000000001b60b000 Thread added: 0x000000001b60b000
Event: 413.687 Executing VM operation: RevokeBias
Event: 413.687 Executing VM operation: RevokeBias done
Event: 413.720 Executing VM operation: RevokeBias


Dynamic libraries:
0x00007ff6f3060000 - 0x00007ff6f3091000 	C:\Program Files\Android\Android Studio\jre\bin\java.exe
0x00007ffac8940000 - 0x00007ffac8b12000 	C:\WINDOWS\SYSTEM32\ntdll.dll
0x00007ffac82d0000 - 0x00007ffac837c000 	C:\WINDOWS\System32\KERNEL32.DLL
0x00007ffac4e40000 - 0x00007ffac505d000 	C:\WINDOWS\System32\KERNELBASE.dll
0x00007ffac6020000 - 0x00007ffac60c2000 	C:\WINDOWS\System32\ADVAPI32.dll
0x00007ffac5ed0000 - 0x00007ffac5f6e000 	C:\WINDOWS\System32\msvcrt.dll
0x00007ffac88e0000 - 0x00007ffac8939000 	C:\WINDOWS\System32\sechost.dll
0x00007ffac6430000 - 0x00007ffac6551000 	C:\WINDOWS\System32\RPCRT4.dll
0x00007ffac6950000 - 0x00007ffac6ab5000 	C:\WINDOWS\System32\USER32.dll
0x00007ffac5110000 - 0x00007ffac512e000 	C:\WINDOWS\System32\win32u.dll
0x00007ffac88a0000 - 0x00007ffac88d4000 	C:\WINDOWS\System32\GDI32.dll
0x00007ffac5300000 - 0x00007ffac5480000 	C:\WINDOWS\System32\gdi32full.dll
0x00007ffabffd0000 - 0x00007ffac024a000 	C:\WINDOWS\WinSxS\amd64_microsoft.windows.common-controls_6595b64144ccf1df_6.0.14393.953_none_42151e83c686086b\COMCTL32.dll
0x00007ffac6ad0000 - 0x00007ffac6d98000 	C:\WINDOWS\System32\combase.dll
0x00007ffac5dd0000 - 0x00007ffac5ec5000 	C:\WINDOWS\System32\ucrtbase.dll
0x00007ffac55e0000 - 0x00007ffac564a000 	C:\WINDOWS\System32\bcryptPrimitives.dll
0x00007ffac8380000 - 0x00007ffac83ae000 	C:\WINDOWS\System32\IMM32.DLL
0x000000006c0c0000 - 0x000000006c192000 	C:\Program Files\Android\Android Studio\jre\jre\bin\msvcr100.dll
0x000000006c3b0000 - 0x000000006cbe4000 	C:\Program Files\Android\Android Studio\jre\jre\bin\server\jvm.dll
0x00007ffac6840000 - 0x00007ffac6848000 	C:\WINDOWS\System32\PSAPI.DLL
0x00007ffaa7870000 - 0x00007ffaa7879000 	C:\WINDOWS\SYSTEM32\WSOCK32.dll
0x00007ffac65c0000 - 0x00007ffac662a000 	C:\WINDOWS\System32\WS2_32.dll
0x00007ffac24a0000 - 0x00007ffac24c3000 	C:\WINDOWS\SYSTEM32\WINMM.dll
0x00007ffac3250000 - 0x00007ffac325a000 	C:\WINDOWS\SYSTEM32\VERSION.dll
0x00007ffac2440000 - 0x00007ffac246b000 	C:\WINDOWS\SYSTEM32\WINMMBASE.dll
0x00007ffac5480000 - 0x00007ffac54c2000 	C:\WINDOWS\System32\cfgmgr32.dll
0x00007ffac40a0000 - 0x00007ffac40af000 	C:\Program Files\Android\Android Studio\jre\jre\bin\verify.dll
0x00007ffabbea0000 - 0x00007ffabbec9000 	C:\Program Files\Android\Android Studio\jre\jre\bin\java.dll
0x00007ffac3670000 - 0x00007ffac3686000 	C:\Program Files\Android\Android Studio\jre\jre\bin\zip.dll
0x00007ffac6dc0000 - 0x00007ffac82c8000 	C:\WINDOWS\System32\SHELL32.dll
0x00007ffac5650000 - 0x00007ffac5d28000 	C:\WINDOWS\System32\windows.storage.dll
0x00007ffac4db0000 - 0x00007ffac4dfc000 	C:\WINDOWS\System32\powrprof.dll
0x00007ffac6560000 - 0x00007ffac65b2000 	C:\WINDOWS\System32\shlwapi.dll
0x00007ffac4e10000 - 0x00007ffac4e1f000 	C:\WINDOWS\System32\kernel.appcore.dll
0x00007ffac5060000 - 0x00007ffac5109000 	C:\WINDOWS\System32\shcore.dll
0x00007ffac4e20000 - 0x00007ffac4e34000 	C:\WINDOWS\System32\profapi.dll
0x00007ffac0d00000 - 0x00007ffac0d1a000 	C:\Program Files\Android\Android Studio\jre\jre\bin\net.dll
0x00007ffac4490000 - 0x00007ffac44ec000 	C:\WINDOWS\system32\mswsock.dll
0x00007ffabbe40000 - 0x00007ffabbe51000 	C:\Program Files\Android\Android Studio\jre\jre\bin\nio.dll
0x00007ffabbc70000 - 0x00007ffabbc82000 	C:\Users\Ahmed\.gradle\native\19\windows-amd64\native-platform.dll
0x00007ffac4b90000 - 0x00007ffac4ba7000 	C:\WINDOWS\SYSTEM32\CRYPTSP.dll
0x00007ffac4030000 - 0x00007ffac4063000 	C:\WINDOWS\system32\rsaenh.dll
0x00007ffac4b60000 - 0x00007ffac4b8b000 	C:\WINDOWS\SYSTEM32\bcrypt.dll
0x00007ffac4320000 - 0x00007ffac433f000 	C:\WINDOWS\SYSTEM32\USERENV.dll
0x00007ffac4630000 - 0x00007ffac463b000 	C:\WINDOWS\SYSTEM32\CRYPTBASE.dll
0x00007ffac4210000 - 0x00007ffac4248000 	C:\WINDOWS\SYSTEM32\IPHLPAPI.DLL
0x00007ffac6ac0000 - 0x00007ffac6ac8000 	C:\WINDOWS\System32\NSI.dll
0x00007ffabc730000 - 0x00007ffabc746000 	C:\WINDOWS\SYSTEM32\dhcpcsvc6.DLL
0x00007ffabc710000 - 0x00007ffabc72a000 	C:\WINDOWS\SYSTEM32\dhcpcsvc.DLL
0x00007ffac3870000 - 0x00007ffac387d000 	C:\Program Files\Android\Android Studio\jre\jre\bin\management.dll

VM Arguments:
jvm_args: -Xmx1536m -Dfile.encoding=windows-1252 -Duser.country=US -Duser.language=en -Duser.variant 
java_command: org.gradle.launcher.daemon.bootstrap.GradleDaemon 2.14.1
java_class_path (initial): C:\Program Files\Android\Android Studio\gradle\gradle-2.14.1\lib\gradle-launcher-2.14.1.jar
Launcher Type: SUN_STANDARD

Environment Variables:
JAVA_HOME=C:\Java\jdk1.8.0_73
PATH=C:\Program Files (x86)\EasyPHP-DevServer-14.1VC11\binaries\php\php_runningversion;C:\ProgramData\Oracle\Java\javapath;C:\WINDOWS\system32;C:\WINDOWS;C:\WINDOWS\System32\Wbem;C:\WINDOWS\System32\WindowsPowerShell\v1.0\;C:\Deploy\bin;C:\Java\jdk1.8.0_73\bin;C:\Program Files\MiKTeX 2.9\miktex\bin\x64\;C:\ProgramData\ComposerSetup\bin;C:\WINDOWS\system32\config\systemprofile\.dnx\bin;C:\Program Files\Microsoft DNX\Dnvm\;C:\Program Files\Microsoft SQL Server\120\Tools\Binn\;C:\Users\Ahmed\AppData\Local\Microsoft\WindowsApps;C:\Users\Ahmed\Documents\PHP54-GTK2
USERNAME=Ahmed
OS=Windows_NT
PROCESSOR_IDENTIFIER=Intel64 Family 6 Model 23 Stepping 6, GenuineIntel



---------------  S Y S T E M  ---------------

OS: Windows 10.0 , 64 bit Build 14393 (10.0.14393.1198)

CPU:total 2 (2 cores per cpu, 1 threads per core) family 6 model 23 stepping 6, cmov, cx8, fxsr, mmx, sse, sse2, sse3, ssse3, sse4.1, tsc

Memory: 4k page, physical 4116368k(167188k free), swap 9338768k(0k free)

vm_info: OpenJDK 64-Bit Server VM (25.76-b03) for windows-amd64 JRE (1.8.0_76-release-b03), built on Jun 29 2016 19:09:20 by "ralucas" with MS VC++ 10.0 (VS2010)

time: Wed Nov 08 08:05:11 2017
elapsed time: 416 seconds (0d 0h 6m 56s)

